[19:59:51] [Server thread/INFO]: Starting minecraft server version 1.12.2
[19:59:51] [Server thread/INFO]: Loading properties
[19:59:51] [Server thread/INFO]: Default game type: SURVIVAL
[19:59:51] [Server thread/INFO]: This server is running CraftBukkit version git-Spigot-2086bb0-d0a3620 (MC: 1.12.2) (Implementing API version 1.12.2-R0.1-SNAPSHOT)
[19:59:52] [Server thread/INFO]: Debug logging is disabled
[19:59:52] [Server thread/INFO]: Using 4 threads for Netty based IO
[19:59:52] [Server thread/INFO]: Server Ping Player Sample Count: 12
[19:59:52] [Server thread/INFO]: Generating keypair
[19:59:52] [Server thread/INFO]: Starting Minecraft server on *:25565
[19:59:52] [Server thread/INFO]: Using default channel type
[19:59:52] [Server thread/INFO]: Set PluginClassLoader as parallel capable
[19:59:52] [Server thread/INFO]: [ClearLag] Loading ClearLag v2.9.7
[19:59:52] [Server thread/INFO]: [PermissionsEx] Loading PermissionsEx v1.23.4
[19:59:52] [Server thread/INFO]: [WorldEdit] Loading WorldEdit v5.6.3
[19:59:52] [Server thread/INFO]: [Vault] Loading Vault v1.5.6-b49
[19:59:52] [Server thread/INFO]: [Essentials] Loading Essentials v2.0.1-b482
[19:59:52] [Server thread/INFO]: [EssentialsProtect] Loading EssentialsProtect v2.0.1-b482
[19:59:52] [Server thread/INFO]: [EssentialsSpawn] Loading EssentialsSpawn v2.0.1-b482
[19:59:52] [Server thread/INFO]: [EssentialsChat] Loading EssentialsChat v2.0.1-b482
[19:59:52] [Server thread/INFO]: [Vault] Enabling Vault v1.5.6-b49
[19:59:52] [Server thread/INFO]: [Vault] [Economy] Essentials Economy found: Waiting
[19:59:52] [Server thread/INFO]: [Vault] [Permission] PermissionsEx found: Waiting
[19:59:52] [Server thread/INFO]: [Vault] [Permission] SuperPermissions loaded as backup permission system.
[19:59:52] [Server thread/INFO]: [Vault] [Chat] PermissionsEx found: Waiting
[19:59:52] [Server thread/INFO]: [Vault] Enabled Version 1.5.6-b49
[19:59:52] [Server thread/INFO]: **** Beginning UUID conversion, this may take A LONG time ****
[19:59:52] [Server thread/INFO]: Preparing level "world"
[19:59:52] [Server thread/INFO]: -------- World Settings For [world] --------
[19:59:52] [Server thread/INFO]: Allow Zombie Pigmen to spawn from portal blocks: true
[19:59:52] [Server thread/INFO]: Item Despawn Rate: 6000
[19:59:52] [Server thread/INFO]: Item Merge Radius: 2.5
[19:59:52] [Server thread/INFO]: Arrow Despawn Rate: 1200
[19:59:52] [Server thread/INFO]: View Distance: 10
[19:59:52] [Server thread/INFO]: Nerfing mobs spawned from spawners: false
[19:59:52] [Server thread/INFO]: Experience Merge Radius: 3.0
[19:59:52] [Server thread/INFO]: Zombie Aggressive Towards Villager: true
[19:59:52] [Server thread/INFO]: Custom Map Seeds:  Village: 10387312 Feature: 14357617 Monument: 10387313 Slime: 987234911
[19:59:52] [Server thread/INFO]: Cactus Growth Modifier: 100%
[19:59:52] [Server thread/INFO]: Cane Growth Modifier: 100%
[19:59:52] [Server thread/INFO]: Melon Growth Modifier: 100%
[19:59:52] [Server thread/INFO]: Mushroom Growth Modifier: 100%
[19:59:52] [Server thread/INFO]: Pumpkin Growth Modifier: 100%
[19:59:52] [Server thread/INFO]: Sapling Growth Modifier: 100%
[19:59:52] [Server thread/INFO]: Wheat Growth Modifier: 100%
[19:59:52] [Server thread/INFO]: NetherWart Growth Modifier: 100%
[19:59:52] [Server thread/INFO]: Vine Growth Modifier: 100%
[19:59:52] [Server thread/INFO]: Cocoa Growth Modifier: 100%
[19:59:52] [Server thread/INFO]: Mob Spawn Range: 4
[19:59:52] [Server thread/INFO]: Tile Max Tick Time: 50ms Entity max Tick Time: 50ms
[19:59:52] [Server thread/INFO]: Hopper Transfer: 8 Hopper Check: 1 Hopper Amount: 1
[19:59:52] [Server thread/INFO]: Max TNT Explosions: 100
[19:59:52] [Server thread/INFO]: Random Lighting Updates: false
[19:59:52] [Server thread/INFO]: Entity Activation Range: An 32 / Mo 32 / Mi 16 / Tiv true
[19:59:52] [Server thread/INFO]: Entity Tracking Range: Pl 48 / An 48 / Mo 48 / Mi 32 / Other 64
[19:59:52] [Server thread/INFO]: Structure Info Saving: true
[19:59:53] [Server thread/INFO]: -------- World Settings For [world_nether] --------
[19:59:53] [Server thread/INFO]: Allow Zombie Pigmen to spawn from portal blocks: true
[19:59:53] [Server thread/INFO]: Item Despawn Rate: 6000
[19:59:53] [Server thread/INFO]: Item Merge Radius: 2.5
[19:59:53] [Server thread/INFO]: Arrow Despawn Rate: 1200
[19:59:53] [Server thread/INFO]: View Distance: 10
[19:59:53] [Server thread/INFO]: Nerfing mobs spawned from spawners: false
[19:59:53] [Server thread/INFO]: Experience Merge Radius: 3.0
[19:59:53] [Server thread/INFO]: Zombie Aggressive Towards Villager: true
[19:59:53] [Server thread/INFO]: Custom Map Seeds:  Village: 10387312 Feature: 14357617 Monument: 10387313 Slime: 987234911
[19:59:53] [Server thread/INFO]: Cactus Growth Modifier: 100%
[19:59:53] [Server thread/INFO]: Cane Growth Modifier: 100%
[19:59:53] [Server thread/INFO]: Melon Growth Modifier: 100%
[19:59:53] [Server thread/INFO]: Mushroom Growth Modifier: 100%
[19:59:53] [Server thread/INFO]: Pumpkin Growth Modifier: 100%
[19:59:53] [Server thread/INFO]: Sapling Growth Modifier: 100%
[19:59:53] [Server thread/INFO]: Wheat Growth Modifier: 100%
[19:59:53] [Server thread/INFO]: NetherWart Growth Modifier: 100%
[19:59:53] [Server thread/INFO]: Vine Growth Modifier: 100%
[19:59:53] [Server thread/INFO]: Cocoa Growth Modifier: 100%
[19:59:53] [Server thread/INFO]: Mob Spawn Range: 4
[19:59:53] [Server thread/INFO]: Tile Max Tick Time: 50ms Entity max Tick Time: 50ms
[19:59:53] [Server thread/INFO]: Hopper Transfer: 8 Hopper Check: 1 Hopper Amount: 1
[19:59:53] [Server thread/INFO]: Max TNT Explosions: 100
[19:59:53] [Server thread/INFO]: Random Lighting Updates: false
[19:59:53] [Server thread/INFO]: Entity Activation Range: An 32 / Mo 32 / Mi 16 / Tiv true
[19:59:53] [Server thread/INFO]: Entity Tracking Range: Pl 48 / An 48 / Mo 48 / Mi 32 / Other 64
[19:59:53] [Server thread/INFO]: Structure Info Saving: true
[19:59:53] [Server thread/INFO]: -------- World Settings For [world_the_end] --------
[19:59:53] [Server thread/INFO]: Allow Zombie Pigmen to spawn from portal blocks: true
[19:59:53] [Server thread/INFO]: Item Despawn Rate: 6000
[19:59:53] [Server thread/INFO]: Item Merge Radius: 2.5
[19:59:53] [Server thread/INFO]: Arrow Despawn Rate: 1200
[19:59:53] [Server thread/INFO]: View Distance: 10
[19:59:53] [Server thread/INFO]: Nerfing mobs spawned from spawners: false
[19:59:53] [Server thread/INFO]: Experience Merge Radius: 3.0
[19:59:53] [Server thread/INFO]: Zombie Aggressive Towards Villager: true
[19:59:53] [Server thread/INFO]: Custom Map Seeds:  Village: 10387312 Feature: 14357617 Monument: 10387313 Slime: 987234911
[19:59:53] [Server thread/INFO]: Cactus Growth Modifier: 100%
[19:59:53] [Server thread/INFO]: Cane Growth Modifier: 100%
[19:59:53] [Server thread/INFO]: Melon Growth Modifier: 100%
[19:59:53] [Server thread/INFO]: Mushroom Growth Modifier: 100%
[19:59:53] [Server thread/INFO]: Pumpkin Growth Modifier: 100%
[19:59:53] [Server thread/INFO]: Sapling Growth Modifier: 100%
[19:59:53] [Server thread/INFO]: Wheat Growth Modifier: 100%
[19:59:53] [Server thread/INFO]: NetherWart Growth Modifier: 100%
[19:59:53] [Server thread/INFO]: Vine Growth Modifier: 100%
[19:59:53] [Server thread/INFO]: Cocoa Growth Modifier: 100%
[19:59:53] [Server thread/INFO]: Mob Spawn Range: 4
[19:59:53] [Server thread/INFO]: Tile Max Tick Time: 50ms Entity max Tick Time: 50ms
[19:59:53] [Server thread/INFO]: Hopper Transfer: 8 Hopper Check: 1 Hopper Amount: 1
[19:59:53] [Server thread/INFO]: Max TNT Explosions: 100
[19:59:53] [Server thread/INFO]: Random Lighting Updates: false
[19:59:53] [Server thread/INFO]: Entity Activation Range: An 32 / Mo 32 / Mi 16 / Tiv true
[19:59:53] [Server thread/INFO]: Entity Tracking Range: Pl 48 / An 48 / Mo 48 / Mi 32 / Other 64
[19:59:53] [Server thread/INFO]: Structure Info Saving: true
[19:59:53] [Server thread/INFO]: Preparing start region for level 0 (Seed: 1434917445785482311)
[19:59:54] [Server thread/INFO]: Preparing spawn area: 63%
[19:59:54] [Server thread/INFO]: Preparing start region for level 1 (Seed: 1434917445785482311)
[19:59:55] [Server thread/INFO]: Preparing start region for level 2 (Seed: 1434917445785482311)
[19:59:55] [Server thread/INFO]: [ClearLag] Enabling ClearLag v2.9.7
[19:59:55] [Server thread/INFO]: [ClearLag] Loading modules...
[19:59:55] [Server thread/INFO]: [ClearLag] Modules enabed, loading config values
[19:59:55] [Server thread/INFO]: [ClearLag] Modules have been loaded!
[19:59:55] [Server thread/INFO]: [ClearLag] Clearlag is now enabled!
[19:59:55] [Server thread/INFO]: [PermissionsEx] Enabling PermissionsEx v1.23.4
[19:59:55] [Thread-7/INFO]: [ClearLag] Checking for updates compatible with your bukkit version [1.12]...
[19:59:55] [Server thread/INFO]: [PermissionsEx] Initializing file backend
[19:59:55] [Server thread/INFO]: [PermissionsEx] Permissions file successfully reloaded
[19:59:55] [Server thread/INFO]: [Vault][Permission] PermissionsEx hooked.
[19:59:55] [Server thread/INFO]: [Vault][Chat] PermissionsEx_Chat hooked.
[19:59:55] [Server thread/INFO]: [WorldEdit] Enabling WorldEdit v5.6.3
[19:59:55] [Server thread/INFO]: WEPIF: PermissionsEx detected! Using PermissionsEx for permissions.
[19:59:55] [Server thread/INFO]: [Essentials] Enabling Essentials v2.0.1-b482
[19:59:56] [Server thread/INFO]: [Essentials] Using 1.8.3+ BlockStateMeta provider as mob spawner provider.
[19:59:56] [Server thread/INFO]: [Essentials] Using Reflection based provider as spawn egg provider.
[19:59:56] [Server thread/INFO]: [Essentials] Using 1.9+ BasePotionData provider as potion meta provider.
[19:59:56] [Server thread/INFO]: Using locale en_US
[19:59:56] [Server thread/INFO]: [Essentials] Starting Metrics. Opt-out using the global bStats config.
[19:59:56] [Server thread/INFO]: [Vault][Economy] Essentials Economy hooked.
[19:59:56] [Server thread/INFO]: [Essentials] Using Vault based permissions (PermissionsEx)
[19:59:56] [Server thread/INFO]: [EssentialsProtect] Enabling EssentialsProtect v2.0.1-b482
[19:59:56] [Server thread/INFO]: [EssentialsSpawn] Enabling EssentialsSpawn v2.0.1-b482
[19:59:56] [Server thread/INFO]: [EssentialsChat] Enabling EssentialsChat v2.0.1-b482
[19:59:56] [Server thread/INFO]: Server permissions file permissions.yml is empty, ignoring it
[19:59:56] [Server thread/INFO]: Done (3.673s)! For help, type "help" or "?"
[19:59:56] [Craft Scheduler Thread - 5/INFO]: [Vault] Checking for Updates ... 
[19:59:57] [Craft Scheduler Thread - 5/WARN]: [Vault] No files found, or Feed URL is bad.
[19:59:57] [Thread-8/WARN]: [PermissionsEx] The updater could not find any files for the project id 31279
[19:59:57] [Craft Scheduler Thread - 5/INFO]: [Vault] No new version available
[19:59:57] [Thread-7/WARN]: [ClearLag] Clearlag failed to check for updates - bukkit may be down
[20:00:49] [Server thread/INFO]: Stopping the server
[20:00:49] [Server thread/INFO]: Stopping server
[20:00:49] [Server thread/INFO]: [EssentialsChat] Disabling EssentialsChat v2.0.1-b482
[20:00:49] [Server thread/INFO]: [EssentialsSpawn] Disabling EssentialsSpawn v2.0.1-b482
[20:00:49] [Server thread/INFO]: [EssentialsProtect] Disabling EssentialsProtect v2.0.1-b482
[20:00:49] [Server thread/INFO]: [Essentials] Disabling Essentials v2.0.1-b482
[20:00:49] [Server thread/INFO]: [Vault][Economy] Essentials Economy unhooked.
[20:00:49] [Server thread/INFO]: [Vault] Disabling Vault v1.5.6-b49
[20:00:49] [Server thread/INFO]: [WorldEdit] Disabling WorldEdit v5.6.3
[20:00:49] [Server thread/INFO]: [PermissionsEx] Disabling PermissionsEx v1.23.4
[20:00:49] [Server thread/INFO]: [ClearLag] Disabling ClearLag v2.9.7
[20:00:49] [Server thread/INFO]: [ClearLag] Clearlag is now disabled!
[20:00:49] [Server thread/INFO]: Saving players
[20:00:49] [Server thread/INFO]: Saving worlds
[20:00:49] [Server thread/INFO]: Saving chunks for level 'world'/overworld
[20:00:49] [Server thread/INFO]: Saving chunks for level 'world_nether'/the_nether
[20:00:49] [Server thread/INFO]: Saving chunks for level 'world_the_end'/the_end
